# JRE version: Java(TM) SE Runtime Environment (21.0.7+8) (build 21.0.7+8-LTS-245)
# Java VM: Java HotSpot(TM) 64-Bit Server VM (21.0.7+8-LTS-245, mixed mode, sharing, tiered, compressed oops, compressed class ptrs, g1 gc, windows-amd64)
GC Precious Log:
 CardTable entry size: 512
 Card Set container configuration: InlinePtr #cards 5 size 8 Array Of Cards #cards 12 size 40 Howl #buckets 4 coarsen threshold 1843 Howl Bitmap #cards 512 size 80 coarsen threshold 460 Card regions per heap region 1 cards per card region 2048
 CPUs: 8 total, 8 available
 Memory: 7850M
 Large Page Support: Disabled
 NUMA Support: Disabled
 Compressed Oops: Enabled (32-bit)
 Heap Region Size: 1M
 Heap Min Capacity: 8M
 Heap Initial Capacity: 124M
 Heap Max Capacity: 1964M
 Pre-touch: Disabled
 Parallel Workers: 8
 Concurrent Workers: 2
 Concurrent Refinement Workers: 8
 Periodic GC: Disabled
Heap:
 garbage-first heap   total 86016K, used 65615K [0x0000000085400000, 0x0000000100000000)
  region size 1024K, 40 young (40960K), 1 survivors (1024K)
 Metaspace       used 71436K, committed 72064K, reserved 1114112K
  class space    used 8821K, committed 9088K, reserved 1048576K
GC Heap History (20 events):
Event: 269.358 GC heap before
{Heap before GC invocations=43 (full 0):
 garbage-first heap   total 86016K, used 75609K [0x0000000085400000, 0x0000000100000000)
  region size 1024K, 50 young (51200K), 3 survivors (3072K)
 Metaspace       used 71365K, committed 71936K, reserved 1114112K
  class space    used 8815K, committed 9088K, reserved 1048576K
}
Event: 269.363 GC heap after
{Heap after GC invocations=44 (full 0):
 garbage-first heap   total 86016K, used 27290K [0x0000000085400000, 0x0000000100000000)
  region size 1024K, 3 young (3072K), 3 survivors (3072K)
 Metaspace       used 71365K, committed 71936K, reserved 1114112K
  class space    used 8815K, committed 9088K, reserved 1048576K
}
Event: 275.751 GC heap before
{Heap before GC invocations=44 (full 0):
 garbage-first heap   total 86016K, used 75418K [0x0000000085400000, 0x0000000100000000)
  region size 1024K, 50 young (51200K), 3 survivors (3072K)
 Metaspace       used 71369K, committed 71936K, reserved 1114112K
  class space    used 8815K, committed 9088K, reserved 1048576K
}
Event: 275.755 GC heap after
{Heap after GC invocations=45 (full 0):
 garbage-first heap   total 86016K, used 27158K [0x0000000085400000, 0x0000000100000000)
  region size 1024K, 3 young (3072K), 3 survivors (3072K)
 Metaspace       used 71369K, committed 71936K, reserved 1114112K
  class space    used 8815K, committed 9088K, reserved 1048576K
}
Event: 281.274 GC heap before
{Heap before GC invocations=46 (full 0):
 garbage-first heap   total 86016K, used 75286K [0x0000000085400000, 0x0000000100000000)
  region size 1024K, 50 young (51200K), 3 survivors (3072K)
 Metaspace       used 71377K, committed 71936K, reserved 1114112K
  class space    used 8816K, committed 9088K, reserved 1048576K
}
Event: 281.278 GC heap after
{Heap after GC invocations=47 (full 0):
 garbage-first heap   total 86016K, used 27203K [0x0000000085400000, 0x0000000100000000)
  region size 1024K, 3 young (3072K), 3 survivors (3072K)
 Metaspace       used 71377K, committed 71936K, reserved 1114112K
  class space    used 8816K, committed 9088K, reserved 1048576K
}
Event: 286.667 GC heap before
{Heap before GC invocations=47 (full 0):
 garbage-first heap   total 86016K, used 75331K [0x0000000085400000, 0x0000000100000000)
  region size 1024K, 50 young (51200K), 3 survivors (3072K)
 Metaspace       used 71380K, committed 71936K, reserved 1114112K
  class space    used 8817K, committed 9088K, reserved 1048576K
}
Event: 286.674 GC heap after
{Heap after GC invocations=48 (full 0):
 garbage-first heap   total 86016K, used 26933K [0x0000000085400000, 0x0000000100000000)
  region size 1024K, 3 young (3072K), 3 survivors (3072K)
 Metaspace       used 71380K, committed 71936K, reserved 1114112K
  class space    used 8817K, committed 9088K, reserved 1048576K
}
Event: 293.854 GC heap before
{Heap before GC invocations=48 (full 0):
 garbage-first heap   total 86016K, used 75061K [0x0000000085400000, 0x0000000100000000)
  region size 1024K, 50 young (51200K), 3 survivors (3072K)
 Metaspace       used 71393K, committed 72000K, reserved 1114112K
  class space    used 8818K, committed 9088K, reserved 1048576K
}
Event: 293.859 GC heap after
{Heap after GC invocations=49 (full 0):
 garbage-first heap   total 86016K, used 27140K [0x0000000085400000, 0x0000000100000000)
  region size 1024K, 3 young (3072K), 3 survivors (3072K)
 Metaspace       used 71393K, committed 72000K, reserved 1114112K
  class space    used 8818K, committed 9088K, reserved 1048576K
}
Event: 299.939 GC heap before
{Heap before GC invocations=50 (full 0):
 garbage-first heap   total 86016K, used 75268K [0x0000000085400000, 0x0000000100000000)
  region size 1024K, 50 young (51200K), 3 survivors (3072K)
 Metaspace       used 71399K, committed 72000K, reserved 1114112K
  class space    used 8819K, committed 9088K, reserved 1048576K
}
Event: 299.943 GC heap after
{Heap after GC invocations=51 (full 0):
 garbage-first heap   total 86016K, used 27054K [0x0000000085400000, 0x0000000100000000)
  region size 1024K, 3 young (3072K), 3 survivors (3072K)
 Metaspace       used 71399K, committed 72000K, reserved 1114112K
  class space    used 8819K, committed 9088K, reserved 1048576K
}
Event: 305.173 GC heap before
{Heap before GC invocations=51 (full 0):
 garbage-first heap   total 86016K, used 75182K [0x0000000085400000, 0x0000000100000000)
  region size 1024K, 50 young (51200K), 3 survivors (3072K)
 Metaspace       used 71406K, committed 72000K, reserved 1114112K
  class space    used 8819K, committed 9088K, reserved 1048576K
}
Event: 305.179 GC heap after
{Heap after GC invocations=52 (full 0):
 garbage-first heap   total 86016K, used 26868K [0x0000000085400000, 0x0000000100000000)
  region size 1024K, 3 young (3072K), 3 survivors (3072K)
 Metaspace       used 71406K, committed 72000K, reserved 1114112K
  class space    used 8819K, committed 9088K, reserved 1048576K
}
Event: 313.062 GC heap before
{Heap before GC invocations=52 (full 0):
 garbage-first heap   total 86016K, used 74996K [0x0000000085400000, 0x0000000100000000)
  region size 1024K, 50 young (51200K), 3 survivors (3072K)
 Metaspace       used 71409K, committed 72000K, reserved 1114112K
  class space    used 8819K, committed 9088K, reserved 1048576K
}
Event: 313.067 GC heap after
{Heap after GC invocations=53 (full 0):
 garbage-first heap   total 86016K, used 26776K [0x0000000085400000, 0x0000000100000000)
  region size 1024K, 3 young (3072K), 3 survivors (3072K)
 Metaspace       used 71409K, committed 72000K, reserved 1114112K
  class space    used 8819K, committed 9088K, reserved 1048576K
}
Event: 333.532 GC heap before
{Heap before GC invocations=54 (full 0):
 garbage-first heap   total 86016K, used 74904K [0x0000000085400000, 0x0000000100000000)
  region size 1024K, 50 young (51200K), 3 survivors (3072K)
 Metaspace       used 71414K, committed 72064K, reserved 1114112K
  class space    used 8819K, committed 9088K, reserved 1048576K
}
Event: 333.537 GC heap after
{Heap after GC invocations=55 (full 0):
 garbage-first heap   total 86016K, used 26849K [0x0000000085400000, 0x0000000100000000)
  region size 1024K, 2 young (2048K), 2 survivors (2048K)
 Metaspace       used 71414K, committed 72064K, reserved 1114112K
  class space    used 8819K, committed 9088K, reserved 1048576K
}
Event: 341.152 GC heap before
{Heap before GC invocations=55 (full 0):
 garbage-first heap   total 86016K, used 76001K [0x0000000085400000, 0x0000000100000000)
  region size 1024K, 50 young (51200K), 2 survivors (2048K)
 Metaspace       used 71420K, committed 72064K, reserved 1114112K
  class space    used 8820K, committed 9088K, reserved 1048576K
}
Event: 341.156 GC heap after
{Heap after GC invocations=56 (full 0):
 garbage-first heap   total 86016K, used 26703K [0x0000000085400000, 0x0000000100000000)
  region size 1024K, 1 young (1024K), 1 survivors (1024K)
 Metaspace       used 71420K, committed 72064K, reserved 1114112K
  class space    used 8820K, committed 9088K, reserved 1048576K
}

