# JRE version: Java(TM) SE Runtime Environment (21.0.7+8) (build 21.0.7+8-LTS-245)
# Java VM: Java HotSpot(TM) 64-Bit Server VM (21.0.7+8-LTS-245, mixed mode, sharing, tiered, compressed oops, compressed class ptrs, g1 gc, windows-amd64)
GC Precious Log:
 CardTable entry size: 512
 Card Set container configuration: InlinePtr #cards 5 size 8 Array Of Cards #cards 12 size 40 Howl #buckets 4 coarsen threshold 1843 Howl Bitmap #cards 512 size 80 coarsen threshold 460 Card regions per heap region 1 cards per card region 2048
 CPUs: 8 total, 8 available
 Memory: 7850M
 Large Page Support: Disabled
 NUMA Support: Disabled
 Compressed Oops: Enabled (32-bit)
 Heap Region Size: 1M
 Heap Min Capacity: 8M
 Heap Initial Capacity: 124M
 Heap Max Capacity: 1964M
 Pre-touch: Disabled
 Parallel Workers: 8
 Concurrent Workers: 2
 Concurrent Refinement Workers: 8
 Periodic GC: Disabled
Heap:
 garbage-first heap   total 89088K, used 68180K [0x0000000085400000, 0x0000000100000000)
  region size 1024K, 42 young (43008K), 3 survivors (3072K)
 Metaspace       used 71434K, committed 72064K, reserved 1114112K
  class space    used 8930K, committed 9216K, reserved 1048576K
GC Heap History (20 events):
Event: 17.731 GC heap before
{Heap before GC invocations=35 (full 0):
 garbage-first heap   total 89088K, used 74789K [0x0000000085400000, 0x0000000100000000)
  region size 1024K, 52 young (53248K), 6 survivors (6144K)
 Metaspace       used 70454K, committed 71104K, reserved 1114112K
  class space    used 8922K, committed 9216K, reserved 1048576K
}
Event: 17.737 GC heap after
{Heap after GC invocations=36 (full 0):
 garbage-first heap   total 89088K, used 29445K [0x0000000085400000, 0x0000000100000000)
  region size 1024K, 3 young (3072K), 3 survivors (3072K)
 Metaspace       used 70454K, committed 71104K, reserved 1114112K
  class space    used 8922K, committed 9216K, reserved 1048576K
}
Event: 23.376 GC heap before
{Heap before GC invocations=36 (full 0):
 garbage-first heap   total 89088K, used 79621K [0x0000000085400000, 0x0000000100000000)
  region size 1024K, 52 young (53248K), 3 survivors (3072K)
 Metaspace       used 71359K, committed 71936K, reserved 1114112K
  class space    used 8925K, committed 9216K, reserved 1048576K
}
Event: 23.380 GC heap after
{Heap after GC invocations=37 (full 0):
 garbage-first heap   total 89088K, used 29406K [0x0000000085400000, 0x0000000100000000)
  region size 1024K, 3 young (3072K), 3 survivors (3072K)
 Metaspace       used 71359K, committed 71936K, reserved 1114112K
  class space    used 8925K, committed 9216K, reserved 1048576K
}
Event: 38.923 GC heap before
{Heap before GC invocations=37 (full 0):
 garbage-first heap   total 89088K, used 79582K [0x0000000085400000, 0x0000000100000000)
  region size 1024K, 52 young (53248K), 3 survivors (3072K)
 Metaspace       used 71384K, committed 72000K, reserved 1114112K
  class space    used 8926K, committed 9216K, reserved 1048576K
}
Event: 38.927 GC heap after
{Heap after GC invocations=38 (full 0):
 garbage-first heap   total 89088K, used 29211K [0x0000000085400000, 0x0000000100000000)
  region size 1024K, 3 young (3072K), 3 survivors (3072K)
 Metaspace       used 71384K, committed 72000K, reserved 1114112K
  class space    used 8926K, committed 9216K, reserved 1048576K
}
Event: 59.768 GC heap before
{Heap before GC invocations=38 (full 0):
 garbage-first heap   total 89088K, used 79387K [0x0000000085400000, 0x0000000100000000)
  region size 1024K, 52 young (53248K), 3 survivors (3072K)
 Metaspace       used 71408K, committed 72064K, reserved 1114112K
  class space    used 8926K, committed 9216K, reserved 1048576K
}
Event: 59.772 GC heap after
{Heap after GC invocations=39 (full 0):
 garbage-first heap   total 89088K, used 29350K [0x0000000085400000, 0x0000000100000000)
  region size 1024K, 3 young (3072K), 3 survivors (3072K)
 Metaspace       used 71408K, committed 72064K, reserved 1114112K
  class space    used 8926K, committed 9216K, reserved 1048576K
}
Event: 67.436 GC heap before
{Heap before GC invocations=39 (full 0):
 garbage-first heap   total 89088K, used 79526K [0x0000000085400000, 0x0000000100000000)
  region size 1024K, 52 young (53248K), 3 survivors (3072K)
 Metaspace       used 71415K, committed 72064K, reserved 1114112K
  class space    used 8927K, committed 9216K, reserved 1048576K
}
Event: 67.439 GC heap after
{Heap after GC invocations=40 (full 0):
 garbage-first heap   total 89088K, used 29252K [0x0000000085400000, 0x0000000100000000)
  region size 1024K, 3 young (3072K), 3 survivors (3072K)
 Metaspace       used 71415K, committed 72064K, reserved 1114112K
  class space    used 8927K, committed 9216K, reserved 1048576K
}
Event: 74.394 GC heap before
{Heap before GC invocations=40 (full 0):
 garbage-first heap   total 89088K, used 79428K [0x0000000085400000, 0x0000000100000000)
  region size 1024K, 52 young (53248K), 3 survivors (3072K)
 Metaspace       used 71420K, committed 72064K, reserved 1114112K
  class space    used 8927K, committed 9216K, reserved 1048576K
}
Event: 74.397 GC heap after
{Heap after GC invocations=41 (full 0):
 garbage-first heap   total 89088K, used 29266K [0x0000000085400000, 0x0000000100000000)
  region size 1024K, 3 young (3072K), 3 survivors (3072K)
 Metaspace       used 71420K, committed 72064K, reserved 1114112K
  class space    used 8927K, committed 9216K, reserved 1048576K
}
Event: 92.368 GC heap before
{Heap before GC invocations=41 (full 0):
 garbage-first heap   total 89088K, used 79442K [0x0000000085400000, 0x0000000100000000)
  region size 1024K, 52 young (53248K), 3 survivors (3072K)
 Metaspace       used 71422K, committed 72064K, reserved 1114112K
  class space    used 8928K, committed 9216K, reserved 1048576K
}
Event: 92.372 GC heap after
{Heap after GC invocations=42 (full 0):
 garbage-first heap   total 89088K, used 29236K [0x0000000085400000, 0x0000000100000000)
  region size 1024K, 3 young (3072K), 3 survivors (3072K)
 Metaspace       used 71422K, committed 72064K, reserved 1114112K
  class space    used 8928K, committed 9216K, reserved 1048576K
}
Event: 100.708 GC heap before
{Heap before GC invocations=42 (full 0):
 garbage-first heap   total 89088K, used 79412K [0x0000000085400000, 0x0000000100000000)
  region size 1024K, 52 young (53248K), 3 survivors (3072K)
 Metaspace       used 71431K, committed 72064K, reserved 1114112K
  class space    used 8929K, committed 9216K, reserved 1048576K
}
Event: 100.712 GC heap after
{Heap after GC invocations=43 (full 0):
 garbage-first heap   total 89088K, used 29270K [0x0000000085400000, 0x0000000100000000)
  region size 1024K, 3 young (3072K), 3 survivors (3072K)
 Metaspace       used 71431K, committed 72064K, reserved 1114112K
  class space    used 8929K, committed 9216K, reserved 1048576K
}
Event: 108.669 GC heap before
{Heap before GC invocations=43 (full 0):
 garbage-first heap   total 89088K, used 79446K [0x0000000085400000, 0x0000000100000000)
  region size 1024K, 52 young (53248K), 3 survivors (3072K)
 Metaspace       used 71432K, committed 72064K, reserved 1114112K
  class space    used 8930K, committed 9216K, reserved 1048576K
}
Event: 108.674 GC heap after
{Heap after GC invocations=44 (full 0):
 garbage-first heap   total 89088K, used 29244K [0x0000000085400000, 0x0000000100000000)
  region size 1024K, 3 young (3072K), 3 survivors (3072K)
 Metaspace       used 71432K, committed 72064K, reserved 1114112K
  class space    used 8930K, committed 9216K, reserved 1048576K
}
Event: 115.702 GC heap before
{Heap before GC invocations=44 (full 0):
 garbage-first heap   total 89088K, used 79420K [0x0000000085400000, 0x0000000100000000)
  region size 1024K, 52 young (53248K), 3 survivors (3072K)
 Metaspace       used 71434K, committed 72064K, reserved 1114112K
  class space    used 8930K, committed 9216K, reserved 1048576K
}
Event: 115.707 GC heap after
{Heap after GC invocations=45 (full 0):
 garbage-first heap   total 89088K, used 29268K [0x0000000085400000, 0x0000000100000000)
  region size 1024K, 3 young (3072K), 3 survivors (3072K)
 Metaspace       used 71434K, committed 72064K, reserved 1114112K
  class space    used 8930K, committed 9216K, reserved 1048576K
}

