# JRE version: Java(TM) SE Runtime Environment (21.0.7+8) (build 21.0.7+8-LTS-245)
# Java VM: Java HotSpot(TM) 64-Bit Server VM (21.0.7+8-LTS-245, mixed mode, sharing, tiered, compressed oops, compressed class ptrs, g1 gc, windows-amd64)
GC Precious Log:
 CardTable entry size: 512
 Card Set container configuration: InlinePtr #cards 5 size 8 Array Of Cards #cards 12 size 40 Howl #buckets 4 coarsen threshold 1843 Howl Bitmap #cards 512 size 80 coarsen threshold 460 Card regions per heap region 1 cards per card region 2048
 CPUs: 8 total, 8 available
 Memory: 7850M
 Large Page Support: Disabled
 NUMA Support: Disabled
 Compressed Oops: Enabled (32-bit)
 Heap Region Size: 1M
 Heap Min Capacity: 8M
 Heap Initial Capacity: 124M
 Heap Max Capacity: 1964M
 Pre-touch: Disabled
 Parallel Workers: 8
 Concurrent Workers: 2
 Concurrent Refinement Workers: 8
 Periodic GC: Disabled
Heap:
 garbage-first heap   total 84992K, used 31869K [0x0000000085400000, 0x0000000100000000)
  region size 1024K, 7 young (7168K), 1 survivors (1024K)
 Metaspace       used 71424K, committed 72000K, reserved 1114112K
  class space    used 8832K, committed 9088K, reserved 1048576K
GC Heap History (20 events):
Event: 114.779 GC heap before
{Heap before GC invocations=44 (full 0):
 garbage-first heap   total 84992K, used 75025K [0x0000000085400000, 0x0000000100000000)
  region size 1024K, 49 young (50176K), 3 survivors (3072K)
 Metaspace       used 71394K, committed 71936K, reserved 1114112K
  class space    used 8829K, committed 9088K, reserved 1048576K
}
Event: 114.786 GC heap after
{Heap after GC invocations=45 (full 0):
 garbage-first heap   total 84992K, used 27376K [0x0000000085400000, 0x0000000100000000)
  region size 1024K, 3 young (3072K), 3 survivors (3072K)
 Metaspace       used 71394K, committed 71936K, reserved 1114112K
  class space    used 8829K, committed 9088K, reserved 1048576K
}
Event: 119.892 GC heap before
{Heap before GC invocations=45 (full 0):
 garbage-first heap   total 84992K, used 74480K [0x0000000085400000, 0x0000000100000000)
  region size 1024K, 49 young (50176K), 3 survivors (3072K)
 Metaspace       used 71394K, committed 71936K, reserved 1114112K
  class space    used 8829K, committed 9088K, reserved 1048576K
}
Event: 119.895 GC heap after
{Heap after GC invocations=46 (full 0):
 garbage-first heap   total 84992K, used 27406K [0x0000000085400000, 0x0000000100000000)
  region size 1024K, 3 young (3072K), 3 survivors (3072K)
 Metaspace       used 71394K, committed 71936K, reserved 1114112K
  class space    used 8829K, committed 9088K, reserved 1048576K
}
Event: 124.284 GC heap before
{Heap before GC invocations=47 (full 0):
 garbage-first heap   total 84992K, used 74510K [0x0000000085400000, 0x0000000100000000)
  region size 1024K, 49 young (50176K), 3 survivors (3072K)
 Metaspace       used 71401K, committed 71936K, reserved 1114112K
  class space    used 8830K, committed 9088K, reserved 1048576K
}
Event: 124.287 GC heap after
{Heap after GC invocations=48 (full 0):
 garbage-first heap   total 84992K, used 27489K [0x0000000085400000, 0x0000000100000000)
  region size 1024K, 3 young (3072K), 3 survivors (3072K)
 Metaspace       used 71401K, committed 71936K, reserved 1114112K
  class space    used 8830K, committed 9088K, reserved 1048576K
}
Event: 130.718 GC heap before
{Heap before GC invocations=48 (full 0):
 garbage-first heap   total 84992K, used 74593K [0x0000000085400000, 0x0000000100000000)
  region size 1024K, 49 young (50176K), 3 survivors (3072K)
 Metaspace       used 71407K, committed 72000K, reserved 1114112K
  class space    used 8830K, committed 9088K, reserved 1048576K
}
Event: 130.723 GC heap after
{Heap after GC invocations=49 (full 0):
 garbage-first heap   total 84992K, used 27142K [0x0000000085400000, 0x0000000100000000)
  region size 1024K, 3 young (3072K), 3 survivors (3072K)
 Metaspace       used 71407K, committed 72000K, reserved 1114112K
  class space    used 8830K, committed 9088K, reserved 1048576K
}
Event: 135.398 GC heap before
{Heap before GC invocations=49 (full 0):
 garbage-first heap   total 84992K, used 74246K [0x0000000085400000, 0x0000000100000000)
  region size 1024K, 49 young (50176K), 3 survivors (3072K)
 Metaspace       used 71410K, committed 72000K, reserved 1114112K
  class space    used 8831K, committed 9088K, reserved 1048576K
}
Event: 135.401 GC heap after
{Heap after GC invocations=50 (full 0):
 garbage-first heap   total 84992K, used 27103K [0x0000000085400000, 0x0000000100000000)
  region size 1024K, 3 young (3072K), 3 survivors (3072K)
 Metaspace       used 71410K, committed 72000K, reserved 1114112K
  class space    used 8831K, committed 9088K, reserved 1048576K
}
Event: 140.076 GC heap before
{Heap before GC invocations=51 (full 0):
 garbage-first heap   total 84992K, used 74207K [0x0000000085400000, 0x0000000100000000)
  region size 1024K, 49 young (50176K), 3 survivors (3072K)
 Metaspace       used 71411K, committed 72000K, reserved 1114112K
  class space    used 8831K, committed 9088K, reserved 1048576K
}
Event: 140.079 GC heap after
{Heap after GC invocations=52 (full 0):
 garbage-first heap   total 84992K, used 27158K [0x0000000085400000, 0x0000000100000000)
  region size 1024K, 3 young (3072K), 3 survivors (3072K)
 Metaspace       used 71411K, committed 72000K, reserved 1114112K
  class space    used 8831K, committed 9088K, reserved 1048576K
}
Event: 144.454 GC heap before
{Heap before GC invocations=52 (full 0):
 garbage-first heap   total 84992K, used 74262K [0x0000000085400000, 0x0000000100000000)
  region size 1024K, 49 young (50176K), 3 survivors (3072K)
 Metaspace       used 71412K, committed 72000K, reserved 1114112K
  class space    used 8831K, committed 9088K, reserved 1048576K
}
Event: 144.458 GC heap after
{Heap after GC invocations=53 (full 0):
 garbage-first heap   total 84992K, used 26812K [0x0000000085400000, 0x0000000100000000)
  region size 1024K, 3 young (3072K), 3 survivors (3072K)
 Metaspace       used 71412K, committed 72000K, reserved 1114112K
  class space    used 8831K, committed 9088K, reserved 1048576K
}
Event: 149.161 GC heap before
{Heap before GC invocations=53 (full 0):
 garbage-first heap   total 84992K, used 73916K [0x0000000085400000, 0x0000000100000000)
  region size 1024K, 49 young (50176K), 3 survivors (3072K)
 Metaspace       used 71419K, committed 72000K, reserved 1114112K
  class space    used 8831K, committed 9088K, reserved 1048576K
}
Event: 149.164 GC heap after
{Heap after GC invocations=54 (full 0):
 garbage-first heap   total 84992K, used 26829K [0x0000000085400000, 0x0000000100000000)
  region size 1024K, 3 young (3072K), 3 survivors (3072K)
 Metaspace       used 71419K, committed 72000K, reserved 1114112K
  class space    used 8831K, committed 9088K, reserved 1048576K
}
Event: 153.804 GC heap before
{Heap before GC invocations=55 (full 0):
 garbage-first heap   total 84992K, used 73933K [0x0000000085400000, 0x0000000100000000)
  region size 1024K, 49 young (50176K), 3 survivors (3072K)
 Metaspace       used 71421K, committed 72000K, reserved 1114112K
  class space    used 8831K, committed 9088K, reserved 1048576K
}
Event: 153.807 GC heap after
{Heap after GC invocations=56 (full 0):
 garbage-first heap   total 84992K, used 26920K [0x0000000085400000, 0x0000000100000000)
  region size 1024K, 2 young (2048K), 2 survivors (2048K)
 Metaspace       used 71421K, committed 72000K, reserved 1114112K
  class space    used 8831K, committed 9088K, reserved 1048576K
}
Event: 159.629 GC heap before
{Heap before GC invocations=56 (full 0):
 garbage-first heap   total 84992K, used 75048K [0x0000000085400000, 0x0000000100000000)
  region size 1024K, 49 young (50176K), 2 survivors (2048K)
 Metaspace       used 71422K, committed 72000K, reserved 1114112K
  class space    used 8832K, committed 9088K, reserved 1048576K
}
Event: 159.632 GC heap after
{Heap after GC invocations=57 (full 0):
 garbage-first heap   total 84992K, used 26749K [0x0000000085400000, 0x0000000100000000)
  region size 1024K, 1 young (1024K), 1 survivors (1024K)
 Metaspace       used 71422K, committed 72000K, reserved 1114112K
  class space    used 8832K, committed 9088K, reserved 1048576K
}

