# JRE version: Java(TM) SE Runtime Environment (21.0.7+8) (build 21.0.7+8-LTS-245)
# Java VM: Java HotSpot(TM) 64-Bit Server VM (21.0.7+8-LTS-245, mixed mode, sharing, tiered, compressed oops, compressed class ptrs, g1 gc, windows-amd64)
GC Precious Log:
 CardTable entry size: 512
 Card Set container configuration: InlinePtr #cards 5 size 8 Array Of Cards #cards 12 size 40 Howl #buckets 4 coarsen threshold 1843 Howl Bitmap #cards 512 size 80 coarsen threshold 460 Card regions per heap region 1 cards per card region 2048
 CPUs: 8 total, 8 available
 Memory: 7850M
 Large Page Support: Disabled
 NUMA Support: Disabled
 Compressed Oops: Enabled (32-bit)
 Heap Region Size: 1M
 Heap Min Capacity: 8M
 Heap Initial Capacity: 124M
 Heap Max Capacity: 1964M
 Pre-touch: Disabled
 Parallel Workers: 8
 Concurrent Workers: 2
 Concurrent Refinement Workers: 8
 Periodic GC: Disabled
Heap:
 garbage-first heap   total 84992K, used 33165K [0x0000000085400000, 0x0000000100000000)
  region size 1024K, 10 young (10240K), 3 survivors (3072K)
 Metaspace       used 71412K, committed 72000K, reserved 1114112K
  class space    used 8825K, committed 9088K, reserved 1048576K
GC Heap History (20 events):
Event: 169.733 GC heap before
{Heap before GC invocations=40 (full 0):
 garbage-first heap   total 84992K, used 74222K [0x0000000085400000, 0x0000000100000000)
  region size 1024K, 49 young (50176K), 3 survivors (3072K)
 Metaspace       used 71377K, committed 71936K, reserved 1114112K
  class space    used 8822K, committed 9088K, reserved 1048576K
}
Event: 169.738 GC heap after
{Heap after GC invocations=41 (full 0):
 garbage-first heap   total 84992K, used 28189K [0x0000000085400000, 0x0000000100000000)
  region size 1024K, 3 young (3072K), 3 survivors (3072K)
 Metaspace       used 71377K, committed 71936K, reserved 1114112K
  class space    used 8822K, committed 9088K, reserved 1048576K
}
Event: 175.410 GC heap before
{Heap before GC invocations=42 (full 0):
 garbage-first heap   total 84992K, used 75293K [0x0000000085400000, 0x0000000100000000)
  region size 1024K, 49 young (50176K), 3 survivors (3072K)
 Metaspace       used 71378K, committed 71936K, reserved 1114112K
  class space    used 8823K, committed 9088K, reserved 1048576K
}
Event: 175.414 GC heap after
{Heap after GC invocations=43 (full 0):
 garbage-first heap   total 84992K, used 28238K [0x0000000085400000, 0x0000000100000000)
  region size 1024K, 3 young (3072K), 3 survivors (3072K)
 Metaspace       used 71378K, committed 71936K, reserved 1114112K
  class space    used 8823K, committed 9088K, reserved 1048576K
}
Event: 180.159 GC heap before
{Heap before GC invocations=43 (full 0):
 garbage-first heap   total 84992K, used 75342K [0x0000000085400000, 0x0000000100000000)
  region size 1024K, 49 young (50176K), 3 survivors (3072K)
 Metaspace       used 71378K, committed 71936K, reserved 1114112K
  class space    used 8823K, committed 9088K, reserved 1048576K
}
Event: 180.166 GC heap after
{Heap after GC invocations=44 (full 0):
 garbage-first heap   total 84992K, used 27579K [0x0000000085400000, 0x0000000100000000)
  region size 1024K, 3 young (3072K), 3 survivors (3072K)
 Metaspace       used 71378K, committed 71936K, reserved 1114112K
  class space    used 8823K, committed 9088K, reserved 1048576K
}
Event: 184.531 GC heap before
{Heap before GC invocations=44 (full 0):
 garbage-first heap   total 84992K, used 74683K [0x0000000085400000, 0x0000000100000000)
  region size 1024K, 49 young (50176K), 3 survivors (3072K)
 Metaspace       used 71379K, committed 71936K, reserved 1114112K
  class space    used 8823K, committed 9088K, reserved 1048576K
}
Event: 184.534 GC heap after
{Heap after GC invocations=45 (full 0):
 garbage-first heap   total 84992K, used 27648K [0x0000000085400000, 0x0000000100000000)
  region size 1024K, 3 young (3072K), 3 survivors (3072K)
 Metaspace       used 71379K, committed 71936K, reserved 1114112K
  class space    used 8823K, committed 9088K, reserved 1048576K
}
Event: 188.823 GC heap before
{Heap before GC invocations=46 (full 0):
 garbage-first heap   total 84992K, used 74752K [0x0000000085400000, 0x0000000100000000)
  region size 1024K, 49 young (50176K), 3 survivors (3072K)
 Metaspace       used 71391K, committed 72000K, reserved 1114112K
  class space    used 8823K, committed 9088K, reserved 1048576K
}
Event: 188.827 GC heap after
{Heap after GC invocations=47 (full 0):
 garbage-first heap   total 84992K, used 27540K [0x0000000085400000, 0x0000000100000000)
  region size 1024K, 3 young (3072K), 3 survivors (3072K)
 Metaspace       used 71391K, committed 72000K, reserved 1114112K
  class space    used 8823K, committed 9088K, reserved 1048576K
}
Event: 193.057 GC heap before
{Heap before GC invocations=47 (full 0):
 garbage-first heap   total 84992K, used 74644K [0x0000000085400000, 0x0000000100000000)
  region size 1024K, 49 young (50176K), 3 survivors (3072K)
 Metaspace       used 71392K, committed 72000K, reserved 1114112K
  class space    used 8824K, committed 9088K, reserved 1048576K
}
Event: 193.061 GC heap after
{Heap after GC invocations=48 (full 0):
 garbage-first heap   total 84992K, used 27299K [0x0000000085400000, 0x0000000100000000)
  region size 1024K, 3 young (3072K), 3 survivors (3072K)
 Metaspace       used 71392K, committed 72000K, reserved 1114112K
  class space    used 8824K, committed 9088K, reserved 1048576K
}
Event: 197.191 GC heap before
{Heap before GC invocations=48 (full 0):
 garbage-first heap   total 84992K, used 74403K [0x0000000085400000, 0x0000000100000000)
  region size 1024K, 49 young (50176K), 3 survivors (3072K)
 Metaspace       used 71395K, committed 72000K, reserved 1114112K
  class space    used 8824K, committed 9088K, reserved 1048576K
}
Event: 197.195 GC heap after
{Heap after GC invocations=49 (full 0):
 garbage-first heap   total 84992K, used 27324K [0x0000000085400000, 0x0000000100000000)
  region size 1024K, 3 young (3072K), 3 survivors (3072K)
 Metaspace       used 71395K, committed 72000K, reserved 1114112K
  class space    used 8824K, committed 9088K, reserved 1048576K
}
Event: 201.502 GC heap before
{Heap before GC invocations=50 (full 0):
 garbage-first heap   total 84992K, used 74428K [0x0000000085400000, 0x0000000100000000)
  region size 1024K, 49 young (50176K), 3 survivors (3072K)
 Metaspace       used 71398K, committed 72000K, reserved 1114112K
  class space    used 8824K, committed 9088K, reserved 1048576K
}
Event: 201.506 GC heap after
{Heap after GC invocations=51 (full 0):
 garbage-first heap   total 84992K, used 27346K [0x0000000085400000, 0x0000000100000000)
  region size 1024K, 3 young (3072K), 3 survivors (3072K)
 Metaspace       used 71398K, committed 72000K, reserved 1114112K
  class space    used 8824K, committed 9088K, reserved 1048576K
}
Event: 205.450 GC heap before
{Heap before GC invocations=51 (full 0):
 garbage-first heap   total 84992K, used 74450K [0x0000000085400000, 0x0000000100000000)
  region size 1024K, 49 young (50176K), 3 survivors (3072K)
 Metaspace       used 71406K, committed 72000K, reserved 1114112K
  class space    used 8824K, committed 9088K, reserved 1048576K
}
Event: 205.455 GC heap after
{Heap after GC invocations=52 (full 0):
 garbage-first heap   total 84992K, used 27128K [0x0000000085400000, 0x0000000100000000)
  region size 1024K, 3 young (3072K), 3 survivors (3072K)
 Metaspace       used 71406K, committed 72000K, reserved 1114112K
  class space    used 8824K, committed 9088K, reserved 1048576K
}
Event: 209.297 GC heap before
{Heap before GC invocations=52 (full 0):
 garbage-first heap   total 84992K, used 74232K [0x0000000085400000, 0x0000000100000000)
  region size 1024K, 49 young (50176K), 3 survivors (3072K)
 Metaspace       used 71412K, committed 72000K, reserved 1114112K
  class space    used 8825K, committed 9088K, reserved 1048576K
}
Event: 209.301 GC heap after
{Heap after GC invocations=53 (full 0):
 garbage-first heap   total 84992K, used 27021K [0x0000000085400000, 0x0000000100000000)
  region size 1024K, 3 young (3072K), 3 survivors (3072K)
 Metaspace       used 71412K, committed 72000K, reserved 1114112K
  class space    used 8825K, committed 9088K, reserved 1048576K
}

